<?xml version="1.0" encoding="UTF-8"?>
<!-- Generated by org.testng.reporters.JUnitReportReporter -->
<testsuite skipped="0" hostname="Zakaria-HP" name="TestCases.demoTest" tests="1" failures="0" timestamp="26 Sep 2017 17:24:34 GMT" time="0.039" errors="0">
  <testcase name="justTest" time="0.039" classname="TestCases.demoTest"/>
</testsuite> <!-- TestCases.demoTest -->
