<?xml version="1.0" encoding="UTF-8"?>
<!-- Generated by org.testng.reporters.JUnitReportReporter -->
<testsuite skipped="0" hostname="Zakaria-HP" name="TestCases.demoTest" tests="1" failures="0" timestamp="30 Jan 2018 17:23:07 GMT" time="0.008" errors="0">
  <testcase name="justTest" time="0.008" classname="TestCases.demoTest"/>
</testsuite> <!-- TestCases.demoTest -->
